Using pre-set license
Built from '2021.3/staging' branch; Version is '2021.3.22f1 (b6c551784ba3) revision 11978065'; Using compiler version '192829333'; Build Type 'Release'
OS: 'Windows 10  (10.0.19045) 64bit Core' Language: 'tr' Physical Memory: 7987 MB
BatchMode: 1, IsHumanControllingUs: 0, StartBugReporterOnCrash: 0, Is64bit: 1, IsPro: 1

COMMAND LINE ARGUMENTS:
C:\Program Files\Unity\Hub\Editor\2021.3.22f1\Editor\Unity.exe
-adb2
-batchMode
-noUpm
-name
AssetImportWorker1
-projectPath
C:/Users/shila/Desktop/unitatemacademy1-main
-logFile
Logs/AssetImportWorker1.log
-srvPort
60891
Successfully changed project path to: C:/Users/shila/Desktop/unitatemacademy1-main
C:/Users/shila/Desktop/unitatemacademy1-main
[UnityMemory] Configuration Parameters - Can be set up in boot.config
    "memorysetup-bucket-allocator-granularity=16"
    "memorysetup-bucket-allocator-bucket-count=8"
    "memorysetup-bucket-allocator-block-size=33554432"
    "memorysetup-bucket-allocator-block-count=8"
    "memorysetup-main-allocator-block-size=16777216"
    "memorysetup-thread-allocator-block-size=16777216"
    "memorysetup-gfx-main-allocator-block-size=16777216"
    "memorysetup-gfx-thread-allocator-block-size=16777216"
    "memorysetup-cache-allocator-block-size=4194304"
    "memorysetup-typetree-allocator-block-size=2097152"
    "memorysetup-profiler-bucket-allocator-granularity=16"
    "memorysetup-profiler-bucket-allocator-bucket-count=8"
    "memorysetup-profiler-bucket-allocator-block-size=33554432"
    "memorysetup-profiler-bucket-allocator-block-count=8"
    "memorysetup-profiler-allocator-block-size=16777216"
    "memorysetup-profiler-editor-allocator-block-size=1048576"
    "memorysetup-temp-allocator-size-main=16777216"
    "memorysetup-job-temp-allocator-block-size=2097152"
    "memorysetup-job-temp-allocator-block-size-background=1048576"
    "memorysetup-job-temp-allocator-reduction-small-platforms=262144"
    "memorysetup-temp-allocator-size-background-worker=32768"
    "memorysetup-temp-allocator-size-job-worker=262144"
    "memorysetup-temp-allocator-size-preload-manager=33554432"
    "memorysetup-temp-allocator-size-nav-mesh-worker=65536"
    "memorysetup-temp-allocator-size-audio-worker=65536"
    "memorysetup-temp-allocator-size-cloud-worker=32768"
    "memorysetup-temp-allocator-size-gi-baking-worker=262144"
    "memorysetup-temp-allocator-size-gfx=262144"
Player connection [11544] Host "[IP] 192.168.1.105 [Port] 0 [Flags] 2 [Guid] 3406895569 [EditorId] 3406895569 [Version] 1048832 [Id] WindowsEditor(7,LAPTOP-87MP9TJB) [Debug] 1 [PackageName] WindowsEditor [ProjectName] Editor" joined multi-casting on [225.0.0.222:54997]...

Player connection [11544] Host "[IP] 192.168.1.105 [Port] 0 [Flags] 2 [Guid] 3406895569 [EditorId] 3406895569 [Version] 1048832 [Id] WindowsEditor(7,LAPTOP-87MP9TJB) [Debug] 1 [PackageName] WindowsEditor [ProjectName] Editor" joined alternative multi-casting on [225.0.0.222:34997]...

Refreshing native plugins compatible for Editor in 584.86 ms, found 3 plugins.
Preloading 0 native plugins for Editor in 0.00 ms.
Initialize engine version: 2021.3.22f1 (b6c551784ba3)
[Subsystems] Discovering subsystems at path C:/Program Files/Unity/Hub/Editor/2021.3.22f1/Editor/Data/Resources/UnitySubsystems
[Subsystems] Discovering subsystems at path C:/Users/shila/Desktop/unitatemacademy1-main/Assets
GfxDevice: creating device client; threaded=0; jobified=0
Direct3D:
    Version:  Direct3D 11.0 [level 11.1]
    Renderer: Intel(R) UHD Graphics (ID=0x8a56)
    Vendor:   Intel
    VRAM:     3993 MB
    Driver:   27.20.100.9664
Initialize mono
Mono path[0] = 'C:/Program Files/Unity/Hub/Editor/2021.3.22f1/Editor/Data/Managed'
Mono path[1] = 'C:/Program Files/Unity/Hub/Editor/2021.3.22f1/Editor/Data/MonoBleedingEdge/lib/mono/unityjit-win32'
Mono config path = 'C:/Program Files/Unity/Hub/Editor/2021.3.22f1/Editor/Data/MonoBleedingEdge/etc'
Using monoOptions --debugger-agent=transport=dt_socket,embedding=1,server=y,suspend=n,address=127.0.0.1:56900
Begin MonoManager ReloadAssembly
Registering precompiled unity dll's ...
Register platform support module: C:/Program Files/Unity/Hub/Editor/2021.3.22f1/Editor/Data/PlaybackEngines/WindowsStandaloneSupport/UnityEditor.WindowsStandalone.Extensions.dll
Registered in 0.174374 seconds.
Native extension for WindowsStandalone target not found
Refreshing native plugins compatible for Editor in 187.76 ms, found 3 plugins.
Preloading 0 native plugins for Editor in 0.00 ms.
Mono: successfully reloaded assembly
- Completed reload, in  8.490 seconds
Domain Reload Profiling:
	ReloadAssembly (8491ms)
		BeginReloadAssembly (6848ms)
			ExecutionOrderSort (0ms)
			DisableScriptedObjects (0ms)
			BackupInstance (0ms)
			ReleaseScriptingObjects (0ms)
			CreateAndSetChildDomain (6ms)
		EndReloadAssembly (1213ms)
			LoadAssemblies (6811ms)
			RebuildTransferFunctionScriptingTraits (2ms)
			SetupTypeCache (286ms)
			ReleaseScriptCaches (0ms)
			RebuildScriptCaches (63ms)
			SetupLoadedEditorAssemblies (586ms)
				LogAssemblyErrors (0ms)
				InitializePlatformSupportModulesInManaged (15ms)
				SetLoadedEditorAssemblies (0ms)
				RefreshPlugins (188ms)
				BeforeProcessingInitializeOnLoad (4ms)
				ProcessInitializeOnLoadAttributes (292ms)
				ProcessInitializeOnLoadMethodAttributes (87ms)
				AfterProcessingInitializeOnLoad (0ms)
				EditorAssembliesLoaded (0ms)
			ExecutionOrderSort2 (0ms)
			AwakeInstancesAfterBackupRestoration (0ms)
Platform modules already initialized, skipping
Registering precompiled user dll's ...
Registered in 0.032410 seconds.
Begin MonoManager ReloadAssembly
Symbol file LoadedFromMemory doesn't match image C:\Users\shila\Desktop\unitatemacademy1-main\Library\PackageCache\com.unity.visualscripting@1.8.0\Editor\VisualScripting.Core\Dependencies\YamlDotNet\Unity.VisualScripting.YamlDotNet.dll
Symbol file LoadedFromMemory doesn't match image C:\Users\shila\Desktop\unitatemacademy1-main\Library\PackageCache\com.unity.visualscripting@1.8.0\Editor\VisualScripting.Core\Dependencies\DotNetZip\Unity.VisualScripting.IonicZip.dll
Native extension for WindowsStandalone target not found
Refreshing native plugins compatible for Editor in 275.85 ms, found 3 plugins.
Preloading 0 native plugins for Editor in 0.00 ms.
Mono: successfully reloaded assembly
- Completed reload, in 10.394 seconds
Domain Reload Profiling:
	ReloadAssembly (10397ms)
		BeginReloadAssembly (1354ms)
			ExecutionOrderSort (0ms)
			DisableScriptedObjects (13ms)
			BackupInstance (0ms)
			ReleaseScriptingObjects (2ms)
			CreateAndSetChildDomain (48ms)
		EndReloadAssembly (8596ms)
			LoadAssemblies (7493ms)
			RebuildTransferFunctionScriptingTraits (0ms)
			SetupTypeCache (559ms)
			ReleaseScriptCaches (5ms)
			RebuildScriptCaches (160ms)
			SetupLoadedEditorAssemblies (1326ms)
				LogAssemblyErrors (0ms)
				InitializePlatformSupportModulesInManaged (11ms)
				SetLoadedEditorAssemblies (0ms)
				RefreshPlugins (276ms)
				BeforeProcessingInitializeOnLoad (202ms)
				ProcessInitializeOnLoadAttributes (622ms)
				ProcessInitializeOnLoadMethodAttributes (196ms)
				AfterProcessingInitializeOnLoad (19ms)
				EditorAssembliesLoaded (0ms)
			ExecutionOrderSort2 (0ms)
			AwakeInstancesAfterBackupRestoration (18ms)
Platform modules already initialized, skipping
========================================================================
Worker process is ready to serve import requests
Launched and connected shader compiler UnityShaderCompiler.exe after 0.09 seconds
Refreshing native plugins compatible for Editor in 0.87 ms, found 3 plugins.
Preloading 0 native plugins for Editor in 0.00 ms.
Unloading 4967 Unused Serialized files (Serialized files now loaded: 0)
Unloading 44 unused Assets / (0.8 MB). Loaded Objects now: 5418.
Memory consumption went from 201.4 MB to 200.6 MB.
Total: 6.771500 ms (FindLiveObjects: 0.445500 ms CreateObjectMapping: 0.241600 ms MarkObjects: 5.658900 ms  DeleteObjects: 0.424000 ms)

AssetImportParameters requested are different than current active one (requested -> active):
  custom:video-decoder-ogg-theora: a1e56fd34408186e4bbccfd4996cb3dc -> 
  custom:container-muxer-webm: aa71ff27fc2769a1b78a27578f13a17b -> 
  custom:container-demuxer-webm: 4f35f7cbe854078d1ac9338744f61a02 -> 
  custom:video-encoder-webm-vp8: eb34c28f22e8b96e1ab97ce403110664 -> 
  custom:video-codec-MediaFoundation-h265: 746d11721c4dcdbdad8f713fa42b33f4 -> 
  custom:audio-encoder-webm-vorbis: bf7c407c2cedff20999df2af8eb42d56 -> 
  custom:framework-win-MediaFoundation: 216162199b28c13a410421893ffa2e32 -> 
  custom:container-demuxer-ogg: 62fdf1f143b41e24485cea50d1cbac27 -> 
  custom:video-decoder-webm-vp8: 9c59270c3fd7afecdb556c50c9e8de78 -> 
  custom:audio-decoder-ogg-vorbis: bf7c407c2cedff20999df2af8eb42d56 -> 
========================================================================
Received Import Request.
  Time since last request: 680939.113113 seconds.
  path: Assets/Fonts/JazzCreateBubble.ttf
  artifactKey: Guid(58b647c5b2ec4184e9a07a561cdf0644) Importer(815301076,1909f56bfc062723c751e8b465ee728b)
Start importing Assets/Fonts/JazzCreateBubble.ttf using Guid(58b647c5b2ec4184e9a07a561cdf0644) Importer(815301076,1909f56bfc062723c751e8b465ee728b)  -> (artifact id: '6ebfcb5db2b245d1c0eb5a7d2090b878') in 0.657718 seconds 
========================================================================
Received Import Request.
  Time since last request: 0.000052 seconds.
  path: Assets/magara.fbx
  artifactKey: Guid(8d6d0afac88350642a6ce81d696a62be) Importer(815301076,1909f56bfc062723c751e8b465ee728b)
Start importing Assets/magara.fbx using Guid(8d6d0afac88350642a6ce81d696a62be) Importer(815301076,1909f56bfc062723c751e8b465ee728b)  -> (artifact id: '3a9174d9230f84392f72248f18138f80') in 0.036580 seconds 
========================================================================
Received Import Request.
  Time since last request: 0.000060 seconds.
  path: Assets/Sahneler/Main
  artifactKey: Guid(639729b1efeb0b34ab011474de198d87) Importer(815301076,1909f56bfc062723c751e8b465ee728b)
Start importing Assets/Sahneler/Main using Guid(639729b1efeb0b34ab011474de198d87) Importer(815301076,1909f56bfc062723c751e8b465ee728b)  -> (artifact id: 'f7fc033843eb30c011f38b5f0651551c') in 0.015030 seconds 
========================================================================
Received Import Request.
  Time since last request: 0.000055 seconds.
  path: Assets/Sahneler/sahne1/Sahne1.unity
  artifactKey: Guid(c0e4f79cac9017e4d9f6c70927149fb4) Importer(815301076,1909f56bfc062723c751e8b465ee728b)
Start importing Assets/Sahneler/sahne1/Sahne1.unity using Guid(c0e4f79cac9017e4d9f6c70927149fb4) Importer(815301076,1909f56bfc062723c751e8b465ee728b)  -> (artifact id: 'd4e1648855ca9b6dde6db4189dcbdf28') in 0.016647 seconds 
========================================================================
Received Import Request.
  Time since last request: 0.000053 seconds.
  path: Assets/Sahneler/Main/New Render Texture.renderTexture
  artifactKey: Guid(79659b6d7e83be643912a7334c7aad12) Importer(815301076,1909f56bfc062723c751e8b465ee728b)
Start importing Assets/Sahneler/Main/New Render Texture.renderTexture using Guid(79659b6d7e83be643912a7334c7aad12) Importer(815301076,1909f56bfc062723c751e8b465ee728b)  -> (artifact id: '029a9566b5325013473bed45f8e5c979') in 0.037277 seconds 
========================================================================
Received Import Request.
  Time since last request: 59.358701 seconds.
  path: Assets/Sahneler/KitapSahnesi/Senaryo.mp3
  artifactKey: Guid(5c5da81d9746ed54492c4cd60efb7b06) Importer(815301076,1909f56bfc062723c751e8b465ee728b)
Start importing Assets/Sahneler/KitapSahnesi/Senaryo.mp3 using Guid(5c5da81d9746ed54492c4cd60efb7b06) Importer(815301076,1909f56bfc062723c751e8b465ee728b)  -> (artifact id: 'f01de1a524b4454b94794e94d2125c08') in 0.091724 seconds 
========================================================================
Received Import Request.
  Time since last request: 3.207856 seconds.
  path: Assets/Karakter/player.prefab
  artifactKey: Guid(773c5f9cdd72bbe4f8641737618d4535) Importer(815301076,1909f56bfc062723c751e8b465ee728b)
Start importing Assets/Karakter/player.prefab using Guid(773c5f9cdd72bbe4f8641737618d4535) Importer(815301076,1909f56bfc062723c751e8b465ee728b)  -> (artifact id: '747cdb9d4d243e790ae8d52872e60d0b') in 0.085728 seconds 
